2024-11-16T02:38:46.752549Z 0 [Warning] TIMESTAMP with implicit DEFAULT value is deprecated. Please use --explicit_defaults_for_timestamp server option (see documentation for more details).
2024-11-16T02:38:47.027188Z 0 [Warning] InnoDB: New log files created, LSN=45790
2024-11-16T02:38:47.075452Z 0 [Warning] InnoDB: Creating foreign key constraint system tables.
2024-11-16T02:38:47.138517Z 0 [Warning] No existing UUID has been found, so we assume that this is the first time that this server has been started. Generating a new UUID: e79a76b3-a3c3-11ef-b441-0242ac140003.
2024-11-16T02:38:47.140518Z 0 [Warning] Gtid table is not ready to be used. Table 'mysql.gtid_executed' cannot be opened.
2024-11-16T02:38:47.305309Z 0 [Warning] A deprecated TLS version TLSv1 is enabled. Please use TLSv1.2 or higher.
2024-11-16T02:38:47.305327Z 0 [Warning] A deprecated TLS version TLSv1.1 is enabled. Please use TLSv1.2 or higher.
2024-11-16T02:38:47.305651Z 0 [Warning] CA certificate ca.pem is self signed.
2024-11-16T02:38:47.408457Z 1 [Warning] root@localhost is created with an empty password ! Please consider switching off the --initialize-insecure option.
2024-11-16T02:38:50.290858Z 0 [Warning] TIMESTAMP with implicit DEFAULT value is deprecated. Please use --explicit_defaults_for_timestamp server option (see documentation for more details).
2024-11-16T02:38:50.293117Z 0 [Note] mysqld (mysqld 5.7.44-log) starting as process 126 ...
2024-11-16T02:38:50.297191Z 0 [Note] InnoDB: PUNCH HOLE support available
2024-11-16T02:38:50.297229Z 0 [Note] InnoDB: Mutexes and rw_locks use GCC atomic builtins
2024-11-16T02:38:50.297235Z 0 [Note] InnoDB: Uses event mutexes
2024-11-16T02:38:50.297241Z 0 [Note] InnoDB: GCC builtin __atomic_thread_fence() is used for memory barrier
2024-11-16T02:38:50.297247Z 0 [Note] InnoDB: Compressed tables use zlib 1.2.13
2024-11-16T02:38:50.297253Z 0 [Note] InnoDB: Using Linux native AIO
2024-11-16T02:38:50.297529Z 0 [Note] InnoDB: Number of pools: 1
2024-11-16T02:38:50.297659Z 0 [Note] InnoDB: Using CPU crc32 instructions
2024-11-16T02:38:50.299760Z 0 [Note] InnoDB: Initializing buffer pool, total size = 128M, instances = 1, chunk size = 128M
2024-11-16T02:38:50.308129Z 0 [Note] InnoDB: Completed initialization of buffer pool
2024-11-16T02:38:50.311241Z 0 [Note] InnoDB: If the mysqld execution user is authorized, page cleaner thread priority can be changed. See the man page of setpriority().
2024-11-16T02:38:50.324803Z 0 [Note] InnoDB: Highest supported file format is Barracuda.
2024-11-16T02:38:50.333689Z 0 [Note] InnoDB: Creating shared tablespace for temporary tables
2024-11-16T02:38:50.333811Z 0 [Note] InnoDB: Setting file './ibtmp1' size to 12 MB. Physically writing the file full; Please wait ...
2024-11-16T02:38:50.367173Z 0 [Note] InnoDB: File './ibtmp1' size is now 12 MB.
2024-11-16T02:38:50.368452Z 0 [Note] InnoDB: 96 redo rollback segment(s) found. 96 redo rollback segment(s) are active.
2024-11-16T02:38:50.368464Z 0 [Note] InnoDB: 32 non-redo rollback segment(s) are active.
2024-11-16T02:38:50.369026Z 0 [Note] InnoDB: Waiting for purge to start
2024-11-16T02:38:50.419349Z 0 [Note] InnoDB: 5.7.44 started; log sequence number 2768291
2024-11-16T02:38:50.419887Z 0 [Note] InnoDB: Loading buffer pool(s) from /var/lib/mysql/ib_buffer_pool
2024-11-16T02:38:50.420199Z 0 [Note] Plugin 'FEDERATED' is disabled.
2024-11-16T02:38:50.423137Z 0 [Note] InnoDB: Buffer pool(s) load completed at 241116  2:38:50
2024-11-16T02:38:50.426855Z 0 [Note] Found ca.pem, server-cert.pem and server-key.pem in data directory. Trying to enable SSL support using them.
2024-11-16T02:38:50.426877Z 0 [Note] Skipping generation of SSL certificates as certificate files are present in data directory.
2024-11-16T02:38:50.426885Z 0 [Warning] A deprecated TLS version TLSv1 is enabled. Please use TLSv1.2 or higher.
2024-11-16T02:38:50.426891Z 0 [Warning] A deprecated TLS version TLSv1.1 is enabled. Please use TLSv1.2 or higher.
2024-11-16T02:38:50.427361Z 0 [Warning] CA certificate ca.pem is self signed.
2024-11-16T02:38:50.427403Z 0 [Note] Skipping generation of RSA key pair as key files are present in data directory.
2024-11-16T02:38:50.429601Z 0 [Warning] Insecure configuration for --pid-file: Location '/var/run/mysqld' in the path is accessible to all OS users. Consider choosing a different directory.
2024-11-16T02:38:50.436411Z 0 [Note] Event Scheduler: Loaded 0 events
2024-11-16T02:38:50.436719Z 0 [Note] mysqld: ready for connections.
Version: '5.7.44-log'  socket: '/var/run/mysqld/mysqld.sock'  port: 0  MySQL Community Server (GPL)
2024-11-16T02:38:51.164562Z 3 [Note] InnoDB: Stopping purge
2024-11-16T02:38:51.168615Z 3 [Note] InnoDB: Resuming purge
2024-11-16T02:38:51.170741Z 3 [Note] InnoDB: Stopping purge
2024-11-16T02:38:51.174714Z 3 [Note] InnoDB: Resuming purge
2024-11-16T02:38:51.176856Z 3 [Note] InnoDB: Stopping purge
2024-11-16T02:38:51.180305Z 3 [Note] InnoDB: Resuming purge
2024-11-16T02:38:51.181745Z 3 [Note] InnoDB: Stopping purge
2024-11-16T02:38:51.185336Z 3 [Note] InnoDB: Resuming purge
